[2025-02-05 00:00:12] [DEBUG] 阿布拉卡达布拉！测试模式启动！
[2025-02-05 00:00:12] [INFO] 少女祈祷中...
[2025-02-05 00:00:12] [INFO] 当当！天知强卡器启动成功！目前版本号为0.4.0 测试版
[2025-02-05 00:00:12] [INFO] 该版本为测试版，功能还不完善，遇到不稳定的情况，请反馈给我！
[2025-02-05 00:00:12] [INFO] 使用前请关闭二级密码，遇到问题请查看网站里的教程！！（目前还不存在的链接）
[2025-02-05 00:00:12] [INFO] 目前仅支持360游戏大厅,但支持任何系统缩放，所以说我是高性能的呦
[2025-02-05 00:00:12] [INFO] 最新版本 [github] <a href=https://github.com/a1929238/tenchi-cards-enhancer>https://github.com/a1929238/tenchi-cards-enhancer</a>
[2025-02-05 00:00:12] [INFO] [QQ群 交流·反馈·催更] 1群：786921130 2群：142272678
[2025-02-05 00:00:12] [INFO] 如果觉得好用的话，把软件推荐给更多的人嘛，反正不要钱~
[2025-02-05 00:00:16] [INFO] 5901260 |  | NativeWindowClass | 950 | 596
[2025-02-05 00:00:16] [INFO] 360游戏大厅模式, 允许刷新, 可用 window_name_360 是否 None 判断
[2025-02-05 00:00:16] [INFO] 68270
[2025-02-05 00:00:16] [INFO] 美食大战老鼠微端
[2025-02-05 00:00:27] [INFO] <font color='red'>[00:00:27]6星开水壶炸弹强化失败！使用卡片：[5星开水壶炸弹]，使用[不绑3级四叶草]</font>
[2025-02-05 00:00:29] [INFO] <font color='gray'>[00:00:29]1星开水壶炸弹强化成功！使用卡片：[0星开水壶炸弹]</font>
[2025-02-05 00:00:31] [INFO] <font color='gray'>[00:00:31]0星开水壶炸弹强化成功！使用卡片：[0星开水壶炸弹]</font>
[2025-02-05 00:00:33] [INFO] <font color='gray'>[00:00:33]2星开水壶炸弹强化成功！使用卡片：[0星开水壶炸弹]</font>
[2025-02-05 00:00:35] [INFO] <font color='red'>[00:00:35]3星开水壶炸弹强化失败！使用卡片：[1星开水壶炸弹]</font>
[2025-02-05 00:00:37] [INFO] <font color='gray'>[00:00:37]0星开水壶炸弹强化成功！使用卡片：[0星开水壶炸弹]</font>
[2025-02-05 00:00:38] [INFO] <font color='red'>[00:00:38]3星开水壶炸弹强化失败！使用卡片：[1星开水壶炸弹]</font>
[2025-02-05 00:00:39] [INFO] [芙芙弹窗] 哇哦：强化完成！没有可强化的卡片了
